Build started 03-05-2015 13:51:22.
     1>Project "C:\Users\Jonathan\git\cpluscourse\game_framework\game_framework.vcxproj" on node 2 (Build target(s)).
     1>ClCompile:
         C:\Program Files (x86)\Microsoft Visual Studio 12.0\VC\bin\CL.exe /c /ZI /nologo /W3 /WX- /sdl /Od /Oy- /D _MBCS /Gm /EHsc /RTC1 /MDd /GS /fp:precise /Zc:wchar_t /Zc:forScope /Fo"Debug\\" /Fd"Debug\vc120.pdb" /Gd /TP /analyze- /errorReport:prompt field.cpp game.cpp main.cpp T1.cpp
         T1.cpp
         main.cpp
         game.cpp
     1>c:\users\jonathan\git\cpluscourse\game_framework\game.cpp(8): warning C4244: 'initializing' : conversion from 'float' to 'int', possible loss of data
     1>c:\users\jonathan\git\cpluscourse\game_framework\game.cpp(14): warning C4244: 'initializing' : conversion from 'float' to 'int', possible loss of data
         field.cpp
         Generating Code...
         C:\Program Files (x86)\Microsoft Visual Studio 12.0\VC\bin\CL.exe /c /ZI /nologo /W3 /WX- /sdl /Od /Oy- /D _MBCS /Gm /EHsc /RTC1 /MDd /GS /fp:precise /Zc:wchar_t /Zc:forScope /Fo"Debug\\" /Fd"Debug\vc120.pdb" /Gd /TP /analyze- /errorReport:prompt T10.cpp T100.cpp T101.cpp T102.cpp T103.cpp T104.cpp T105.cpp T106.cpp T107.cpp T108.cpp T109.cpp T11.cpp T110.cpp T111.cpp T112.cpp T113.cpp T114.cpp T115.cpp T116.cpp T117.cpp T118.cpp T119.cpp T12.cpp T120.cpp T121.cpp T122.cpp T123.cpp T124.cpp T125.cpp T126.cpp T127.cpp T128.cpp T129.cpp T13.cpp T130.cpp T131.cpp T132.cpp T133.cpp T134.cpp T135.cpp T136.cpp T137.cpp T138.cpp T139.cpp T14.cpp T140.cpp T141.cpp T142.cpp T143.cpp T144.cpp T145.cpp T146.cpp T147.cpp T148.cpp T149.cpp T15.cpp T150.cpp T16.cpp T17.cpp T18.cpp T19.cpp T2.cpp T20.cpp T21.cpp T22.cpp T23.cpp T24.cpp T25.cpp T26.cpp T27.cpp T28.cpp T29.cpp T3.cpp T30.cpp T31.cpp T32.cpp T33.cpp T34.cpp T35.cpp T36.cpp T37.cpp T38.cpp T39.cpp T4.cpp T40.cpp T41.cpp T42.cpp T43.cpp T44.cpp T45.cpp T46.cpp T47.cpp T48.cpp T49.cpp T5.cpp T50.cpp T51.cpp T52.cpp T53.cpp T54.cpp T55.cpp T56.cpp T57.cpp T58.cpp T59.cpp T6.cpp T60.cpp T61.cpp T62.cpp T63.cpp T64.cpp T65.cpp T66.cpp T67.cpp T68.cpp T69.cpp T7.cpp T70.cpp T71.cpp T72.cpp T73.cpp T74.cpp T75.cpp T76.cpp T77.cpp T78.cpp T79.cpp T8.cpp T80.cpp T81.cpp T82.cpp T83.cpp T84.cpp T85.cpp T86.cpp T87.cpp T88.cpp T89.cpp T9.cpp T90.cpp T91.cpp T92.cpp T93.cpp T94.cpp T95.cpp T96.cpp T97.cpp T98.cpp T99.cpp
         T99.cpp
         T98.cpp
         T97.cpp
         T96.cpp
         T95.cpp
         T94.cpp
         T93.cpp
         T92.cpp
         T91.cpp
         T90.cpp
         T9.cpp
         T89.cpp
         T88.cpp
         T87.cpp
         T86.cpp
         T85.cpp
         T84.cpp
         T83.cpp
         T82.cpp
         T81.cpp
         Generating Code...
         Compiling...
         T80.cpp
         T8.cpp
         T79.cpp
         T78.cpp
         T77.cpp
         T76.cpp
         T75.cpp
         T74.cpp
         T73.cpp
         T72.cpp
         T71.cpp
         T70.cpp
         T7.cpp
         T69.cpp
         T68.cpp
         T67.cpp
         T66.cpp
         T65.cpp
         T64.cpp
         T63.cpp
         Generating Code...
         Compiling...
         T62.cpp
         T61.cpp
         T60.cpp
         T6.cpp
         T59.cpp
         T58.cpp
         T57.cpp
         T56.cpp
         T55.cpp
         T54.cpp
         T53.cpp
         T52.cpp
         T51.cpp
         T50.cpp
         T5.cpp
         T49.cpp
         T48.cpp
         T47.cpp
         T46.cpp
         T45.cpp
         Generating Code...
         Compiling...
         T44.cpp
         T43.cpp
         T42.cpp
         T41.cpp
         T40.cpp
         T4.cpp
         T39.cpp
         T38.cpp
         T37.cpp
         T36.cpp
         T35.cpp
         T34.cpp
         T33.cpp
         T32.cpp
         T31.cpp
         T30.cpp
         T3.cpp
         T29.cpp
         T28.cpp
         T27.cpp
         Generating Code...
         Compiling...
         T26.cpp
         T25.cpp
         T24.cpp
         T23.cpp
         T22.cpp
         T21.cpp
         T20.cpp
         T2.cpp
         T19.cpp
         T18.cpp
         T17.cpp
         T16.cpp
         T150.cpp
         T15.cpp
         T149.cpp
         T148.cpp
         T147.cpp
         T146.cpp
         T145.cpp
         T144.cpp
         Generating Code...
         Compiling...
         T143.cpp
         T142.cpp
         T141.cpp
         T140.cpp
         T14.cpp
         T139.cpp
         T138.cpp
         T137.cpp
         T136.cpp
         T135.cpp
         T134.cpp
         T133.cpp
         T132.cpp
         T131.cpp
         T130.cpp
         T13.cpp
         T129.cpp
         T128.cpp
         T127.cpp
         T126.cpp
         Generating Code...
         Compiling...
         T125.cpp
         T124.cpp
         T123.cpp
         T122.cpp
         T121.cpp
         T120.cpp
         T12.cpp
         T119.cpp
         T118.cpp
         T117.cpp
         T116.cpp
         T115.cpp
         T114.cpp
         T113.cpp
         T112.cpp
         T111.cpp
         T110.cpp
         T11.cpp
         T109.cpp
         T108.cpp
         Generating Code...
         Compiling...
         T107.cpp
         T106.cpp
         T105.cpp
         T104.cpp
         T103.cpp
         T102.cpp
         T101.cpp
         T100.cpp
         T10.cpp
         Generating Code...
       Link:
         C:\Program Files (x86)\Microsoft Visual Studio 12.0\VC\bin\link.exe /ERRORREPORT:PROMPT /OUT:"C:\Users\Jonathan\git\cpluscourse\Debug\game_framework.exe" /INCREMENTAL /NOLOGO Irrlicht.lib kernel32.lib user32.lib gdi32.lib winspool.lib comdlg32.lib advapi32.lib shell32.lib ole32.lib oleaut32.lib uuid.lib odbc32.lib odbccp32.lib /MANIFEST /MANIFESTUAC:"level='asInvoker' uiAccess='false'" /manifest:embed /DEBUG /PDB:"C:\Users\Jonathan\git\cpluscourse\Debug\game_framework.pdb" /TLBID:1 /DYNAMICBASE /NXCOMPAT /IMPLIB:"C:\Users\Jonathan\git\cpluscourse\Debug\game_framework.lib" /MACHINE:X86 Debug\field.obj
         Debug\game.obj
         Debug\main.obj
         Debug\T1.obj
         Debug\T10.obj
         Debug\T100.obj
         Debug\T101.obj
         Debug\T102.obj
         Debug\T103.obj
         Debug\T104.obj
         Debug\T105.obj
         Debug\T106.obj
         Debug\T107.obj
         Debug\T108.obj
         Debug\T109.obj
         Debug\T11.obj
         Debug\T110.obj
         Debug\T111.obj
         Debug\T112.obj
         Debug\T113.obj
         Debug\T114.obj
         Debug\T115.obj
         Debug\T116.obj
         Debug\T117.obj
         Debug\T118.obj
         Debug\T119.obj
         Debug\T12.obj
         Debug\T120.obj
         Debug\T121.obj
         Debug\T122.obj
         Debug\T123.obj
         Debug\T124.obj
         Debug\T125.obj
         Debug\T126.obj
         Debug\T127.obj
         Debug\T128.obj
         Debug\T129.obj
         Debug\T13.obj
         Debug\T130.obj
         Debug\T131.obj
         Debug\T132.obj
         Debug\T133.obj
         Debug\T134.obj
         Debug\T135.obj
         Debug\T136.obj
         Debug\T137.obj
         Debug\T138.obj
         Debug\T139.obj
         Debug\T14.obj
         Debug\T140.obj
         Debug\T141.obj
         Debug\T142.obj
         Debug\T143.obj
         Debug\T144.obj
         Debug\T145.obj
         Debug\T146.obj
         Debug\T147.obj
         Debug\T148.obj
         Debug\T149.obj
         Debug\T15.obj
         Debug\T150.obj
         Debug\T16.obj
         Debug\T17.obj
         Debug\T18.obj
         Debug\T19.obj
         Debug\T2.obj
         Debug\T20.obj
         Debug\T21.obj
         Debug\T22.obj
         Debug\T23.obj
         Debug\T24.obj
         Debug\T25.obj
         Debug\T26.obj
         Debug\T27.obj
         Debug\T28.obj
         Debug\T29.obj
         Debug\T3.obj
         Debug\T30.obj
         Debug\T31.obj
         Debug\T32.obj
         Debug\T33.obj
         Debug\T34.obj
         Debug\T35.obj
         Debug\T36.obj
         Debug\T37.obj
         Debug\T38.obj
         Debug\T39.obj
         Debug\T4.obj
         Debug\T40.obj
         Debug\T41.obj
         Debug\T42.obj
         Debug\T43.obj
         Debug\T44.obj
         Debug\T45.obj
         Debug\T46.obj
         Debug\T47.obj
         Debug\T48.obj
         Debug\T49.obj
         Debug\T5.obj
         Debug\T50.obj
         Debug\T51.obj
         Debug\T52.obj
         Debug\T53.obj
         Debug\T54.obj
         Debug\T55.obj
         Debug\T56.obj
         Debug\T57.obj
         Debug\T58.obj
         Debug\T59.obj
         Debug\T6.obj
         Debug\T60.obj
         Debug\T61.obj
         Debug\T62.obj
         Debug\T63.obj
         Debug\T64.obj
         Debug\T65.obj
         Debug\T66.obj
         Debug\T67.obj
         Debug\T68.obj
         Debug\T69.obj
         Debug\T7.obj
         Debug\T70.obj
         Debug\T71.obj
         Debug\T72.obj
         Debug\T73.obj
         Debug\T74.obj
         Debug\T75.obj
         Debug\T76.obj
         Debug\T77.obj
         Debug\T78.obj
         Debug\T79.obj
         Debug\T8.obj
         Debug\T80.obj
         Debug\T81.obj
         Debug\T82.obj
         Debug\T83.obj
         Debug\T84.obj
         Debug\T85.obj
         Debug\T86.obj
         Debug\T87.obj
         Debug\T88.obj
         Debug\T89.obj
         Debug\T9.obj
         Debug\T90.obj
         Debug\T91.obj
         Debug\T92.obj
         Debug\T93.obj
         Debug\T94.obj
         Debug\T95.obj
         Debug\T96.obj
         Debug\T97.obj
         Debug\T98.obj
         Debug\T99.obj
         game_framework.vcxproj -> C:\Users\Jonathan\git\cpluscourse\Debug\game_framework.exe
       PostBuildEvent:
         xcopy /y /d "C:\Users\Jonathan\git\cpluscourse\irrlicht-1.8.1\lib\lib32\*.dll" "C:\Users\Jonathan\git\cpluscourse\Debug\"
         :VCEnd
         0 File(s) copied
     1>Done Building Project "C:\Users\Jonathan\git\cpluscourse\game_framework\game_framework.vcxproj" (Build target(s)).

Build succeeded.

Time Elapsed 00:01:39.72
